2020-06-14 13:27:05,616 0      [           main] INFO  y.ReflectionServiceFactoryBean  - Creating Service {http://impl.service.zjj.com/}HelloServiceImplService from class com.zjj.service.HelloService
2020-06-14 13:27:06,011 395    [           main] INFO  apache.cxf.endpoint.ServerImpl  - Setting the server's publish address to be http://localhost:8000/ws/hello
2020-06-14 13:27:06,033 417    [           main] INFO  rg.eclipse.jetty.server.Server  - jetty-8.1.15.v20140411
2020-06-14 13:27:06,100 484    [           main] INFO  jetty.server.AbstractConnector  - Started SelectChannelConnector@localhost:8000
2020-06-14 13:27:16,510 10894  [tp1565740893-21] INFO  loServiceImplPort.HelloService  - Inbound Message
----------------------------
ID: 1
Address: http://localhost:8000/ws/hello
Encoding: UTF-8
Http-Method: POST
Content-Type: text/xml; charset=UTF-8
Headers: {Accept=[*/*], Cache-Control=[no-cache], connection=[keep-alive], Content-Length=[187], content-type=[text/xml; charset=UTF-8], Host=[localhost:8000], Pragma=[no-cache], SOAPAction=[""], User-Agent=[Apache CXF 3.0.1]}
Payload: <soap:Envelope xmlns:soap="http://schemas.xmlsoap.org/soap/envelope/"><soap:Body><ns2:hello xmlns:ns2="http://service.zjj.com/"><arg0>张三</arg0></ns2:hello></soap:Body></soap:Envelope>
--------------------------------------
2020-06-14 13:27:17,071 11455  [tp1565740893-21] INFO  loServiceImplPort.HelloService  - Outbound Message
---------------------------
ID: 1
Response-Code: 200
Encoding: UTF-8
Content-Type: text/xml
Headers: {}
Payload: <soap:Envelope xmlns:soap="http://schemas.xmlsoap.org/soap/envelope/"><soap:Body><ns2:helloResponse xmlns:ns2="http://service.zjj.com/"><return>张三welcome to service</return></ns2:helloResponse></soap:Body></soap:Envelope>
--------------------------------------
2020-06-14 13:29:41,484 0      [           main] INFO  y.ReflectionServiceFactoryBean  - Creating Service {http://impl.service.zjj.com/}HelloServiceImplService from class com.zjj.service.HelloService
2020-06-14 13:29:41,888 404    [           main] INFO  apache.cxf.endpoint.ServerImpl  - Setting the server's publish address to be http://localhost:8000/ws/hello
2020-06-14 13:29:41,907 423    [           main] INFO  rg.eclipse.jetty.server.Server  - jetty-8.1.15.v20140411
2020-06-14 13:29:41,974 490    [           main] INFO  jetty.server.AbstractConnector  - Started SelectChannelConnector@localhost:8000
